# Scheduler start at time 0
# algo=3, quantum=9
--- RR start: quantum=9, total=10 at t=-1 ---
Enqueued P1 at t=2
P1 started at t=2
Enqueued P2 at t=3
P1 resumed at t=3
P1 resumed at t=4
P1 resumed at t=5
P1 resumed at t=6
P1 resumed at t=7
P1 resumed at t=8
P1 resumed at t=9
P1 resumed at t=10
P1 finished at t=11, wait=0, TA=9, WTA=1.000000
P2 started at t=11
P2 resumed at t=12
P2 resumed at t=13
P2 resumed at t=14
P2 resumed at t=15
P2 resumed at t=16
P2 resumed at t=17
P2 resumed at t=18
Enqueued P3 at t=19
Enqueued P4 at t=19
P2 finished at t=19, wait=8, TA=16, WTA=2.000000
P3 started at t=19
P3 resumed at t=20
P3 resumed at t=21
P3 resumed at t=22
Enqueued P5 at t=23
P3 resumed at t=23
P3 resumed at t=24
P3 resumed at t=25
P3 resumed at t=26
P3 resumed at t=27
P3 preempted at t=28
P4 started at t=28
P4 resumed at t=29
Enqueued P6 at t=30
P4 resumed at t=30
Enqueued P7 at t=31
P4 resumed at t=31
Enqueued P8 at t=32
P4 resumed at t=32
P4 resumed at t=33
P4 resumed at t=34
P4 resumed at t=35
P4 resumed at t=36
P4 preempted at t=37
P5 started at t=37
P5 resumed at t=38
P5 resumed at t=39
P5 resumed at t=40
P5 resumed at t=41
Enqueued P9 at t=42
P5 resumed at t=42
P5 resumed at t=43
P5 resumed at t=44
P5 resumed at t=45
P5 preempted at t=46
P6 started at t=46
P6 resumed at t=47
P6 resumed at t=48
Enqueued P10 at t=49
P6 resumed at t=49
P6 resumed at t=50
P6 resumed at t=51
P6 resumed at t=52
P6 resumed at t=53
P6 resumed at t=54
P6 preempted at t=55
P7 started at t=55
P7 resumed at t=56
P7 resumed at t=57
P7 resumed at t=58
P7 resumed at t=59
P7 resumed at t=60
P7 resumed at t=61
P7 resumed at t=62
P7 resumed at t=63
P7 preempted at t=64
P8 started at t=64
P8 resumed at t=65
P8 finished at t=66, wait=32, TA=34, WTA=17.000000
P9 started at t=66
P9 resumed at t=67
P9 resumed at t=68
P9 resumed at t=69
P9 resumed at t=70
P9 resumed at t=71
P9 resumed at t=72
P9 resumed at t=73
P9 resumed at t=74
P9 preempted at t=75
P10 started at t=75
P10 resumed at t=76
P10 resumed at t=77
P10 resumed at t=78
P10 finished at t=79, wait=26, TA=30, WTA=7.500000
P3 resumed at t=79
P3 finished at t=80, wait=51, TA=61, WTA=6.100000
P4 resumed at t=80
P4 resumed at t=81
P4 resumed at t=82
P4 resumed at t=83
P4 resumed at t=84
P4 resumed at t=85
P4 resumed at t=86
P4 resumed at t=87
P4 resumed at t=88
P4 preempted at t=89
P5 resumed at t=89
P5 resumed at t=90
P5 resumed at t=91
P5 resumed at t=92
P5 resumed at t=93
P5 finished at t=94, wait=57, TA=71, WTA=5.071429
P6 resumed at t=94
P6 resumed at t=95
P6 resumed at t=96
P6 finished at t=97, wait=55, TA=67, WTA=5.583333
P7 resumed at t=97
P7 resumed at t=98
P7 resumed at t=99
P7 resumed at t=100
P7 resumed at t=101
P7 resumed at t=102
P7 finished at t=103, wait=57, TA=72, WTA=4.800000
P9 resumed at t=103
P9 resumed at t=104
P9 resumed at t=105
P9 resumed at t=106
P9 resumed at t=107
P9 resumed at t=108
P9 finished at t=109, wait=52, TA=67, WTA=4.466667
P4 resumed at t=109
P4 resumed at t=110
P4 finished at t=111, wait=72, TA=92, WTA=4.600000
